# JRE version: Java(TM) SE Runtime Environment (8.0_25-b18) (build 1.8.0_25-b18)
# Java VM: Java HotSpot(TM) 64-Bit Server VM (25.25-b02 mixed mode windows-amd64 compressed oops)
Heap:
 PSYoungGen      total 190464K, used 122626K [0x00000000eab00000, 0x00000000fcf00000, 0x0000000100000000)
  eden space 81920K, 95% used [0x00000000eab00000,0x00000000ef7cade0,0x00000000efb00000)
  from space 108544K, 40% used [0x00000000efb00000,0x00000000f25f5bd0,0x00000000f6500000)
  to   space 104448K, 0% used [0x00000000f6900000,0x00000000f6900000,0x00000000fcf00000)
 ParOldGen       total 699392K, used 425011K [0x00000000c0000000, 0x00000000eab00000, 0x00000000eab00000)
  object space 699392K, 60% used [0x00000000c0000000,0x00000000d9f0ce48,0x00000000eab00000)
 Metaspace       used 5241K, capacity 6480K, committed 6784K, reserved 1056768K
  class space    used 522K, capacity 584K, committed 640K, reserved 1048576K
GC Heap History (10 events):
Event: 307.610 GC heap before
{Heap before GC invocations=95 (full 77):
 PSYoungGen      total 187392K, used 81920K [0x00000000eab00000, 0x00000000fd280000, 0x0000000100000000)
  eden space 81920K, 100% used [0x00000000eab00000,0x00000000efb00000,0x00000000efb00000)
  from space 105472K, 0% used [0x00000000f6500000,0x00000000f6500000,0x00000000fcc00000)
  to   space 108544K, 0% used [0x00000000efb00000,0x00000000efb00000,0x00000000f6500000)
 ParOldGen       total 386560K, used 386494K [0x00000000c0000000, 0x00000000d7980000, 0x00000000eab00000)
  object space 386560K, 99% used [0x00000000c0000000,0x00000000d796f8f0,0x00000000d7980000)
 Metaspace       used 5081K, capacity 6416K, committed 6528K, reserved 1056768K
  class space    used 512K, capacity 584K, committed 640K, reserved 1048576K
Event: 310.270 GC heap after
Heap after GC invocations=95 (full 77):
 PSYoungGen      total 187392K, used 81920K [0x00000000eab00000, 0x00000000fd280000, 0x0000000100000000)
  eden space 81920K, 100% used [0x00000000eab00000,0x00000000efb00000,0x00000000efb00000)
  from space 105472K, 0% used [0x00000000f6500000,0x00000000f6500000,0x00000000fcc00000)
  to   space 108544K, 0% used [0x00000000efb00000,0x00000000efb00000,0x00000000f6500000)
 ParOldGen       total 386560K, used 386491K [0x00000000c0000000, 0x00000000d7980000, 0x00000000eab00000)
  object space 386560K, 99% used [0x00000000c0000000,0x00000000d796ed08,0x00000000d7980000)
 Metaspace       used 5081K, capacity 6416K, committed 6528K, reserved 1056768K
  class space    used 512K, capacity 584K, committed 640K, reserved 1048576K
}
Event: 310.270 GC heap before
{Heap before GC invocations=96 (full 78):
 PSYoungGen      total 187392K, used 81920K [0x00000000eab00000, 0x00000000fd280000, 0x0000000100000000)
  eden space 81920K, 100% used [0x00000000eab00000,0x00000000efb00000,0x00000000efb00000)
  from space 105472K, 0% used [0x00000000f6500000,0x00000000f6500000,0x00000000fcc00000)
  to   space 108544K, 0% used [0x00000000efb00000,0x00000000efb00000,0x00000000f6500000)
 ParOldGen       total 386560K, used 386493K [0x00000000c0000000, 0x00000000d7980000, 0x00000000eab00000)
  object space 386560K, 99% used [0x00000000c0000000,0x00000000d796f608,0x00000000d7980000)
 Metaspace       used 5081K, capacity 6416K, committed 6528K, reserved 1056768K
  class space    used 512K, capacity 584K, committed 640K, reserved 1048576K
Event: 313.078 GC heap after
Heap after GC invocations=96 (full 78):
 PSYoungGen      total 187392K, used 81920K [0x00000000eab00000, 0x00000000fd280000, 0x0000000100000000)
  eden space 81920K, 100% used [0x00000000eab00000,0x00000000efb00000,0x00000000efb00000)
  from space 105472K, 0% used [0x00000000f6500000,0x00000000f6500000,0x00000000fcc00000)
  to   space 108544K, 0% used [0x00000000efb00000,0x00000000efb00000,0x00000000f6500000)
 ParOldGen       total 386560K, used 386493K [0x00000000c0000000, 0x00000000d7980000, 0x00000000eab00000)
  object space 386560K, 99% used [0x00000000c0000000,0x00000000d796f408,0x00000000d7980000)
 Metaspace       used 5081K, capacity 6416K, committed 6528K, reserved 1056768K
  class space    used 512K, capacity 584K, committed 640K, reserved 1048576K
}
Event: 313.078 GC heap before
{Heap before GC invocations=97 (full 79):
 PSYoungGen      total 187392K, used 81920K [0x00000000eab00000, 0x00000000fd280000, 0x0000000100000000)
  eden space 81920K, 100% used [0x00000000eab00000,0x00000000efb00000,0x00000000efb00000)
  from space 105472K, 0% used [0x00000000f6500000,0x00000000f6500000,0x00000000fcc00000)
  to   space 108544K, 0% used [0x00000000efb00000,0x00000000efb00000,0x00000000f6500000)
 ParOldGen       total 386560K, used 386495K [0x00000000c0000000, 0x00000000d7980000, 0x00000000eab00000)
  object space 386560K, 99% used [0x00000000c0000000,0x00000000d796fc80,0x00000000d7980000)
 Metaspace       used 5081K, capacity 6416K, committed 6528K, reserved 1056768K
  class space    used 512K, capacity 584K, committed 640K, reserved 1048576K
Event: 316.201 GC heap after
Heap after GC invocations=97 (full 79):
 PSYoungGen      total 187392K, used 81920K [0x00000000eab00000, 0x00000000fd280000, 0x0000000100000000)
  eden space 81920K, 100% used [0x00000000eab00000,0x00000000efb00000,0x00000000efb00000)
  from space 105472K, 0% used [0x00000000f6500000,0x00000000f6500000,0x00000000fcc00000)
  to   space 108544K, 0% used [0x00000000efb00000,0x00000000efb00000,0x00000000f6500000)
 ParOldGen       total 386560K, used 386494K [0x00000000c0000000, 0x00000000d7980000, 0x00000000eab00000)
  object space 386560K, 99% used [0x00000000c0000000,0x00000000d796fb70,0x00000000d7980000)
 Metaspace       used 5081K, capacity 6416K, committed 6528K, reserved 1056768K
  class space    used 512K, capacity 584K, committed 640K, reserved 1048576K
}
Event: 316.202 GC heap before
{Heap before GC invocations=98 (full 80):
 PSYoungGen      total 187392K, used 81920K [0x00000000eab00000, 0x00000000fd280000, 0x0000000100000000)
  eden space 81920K, 100% used [0x00000000eab00000,0x00000000efb00000,0x00000000efb00000)
  from space 105472K, 0% used [0x00000000f6500000,0x00000000f6500000,0x00000000fcc00000)
  to   space 108544K, 0% used [0x00000000efb00000,0x00000000efb00000,0x00000000f6500000)
 ParOldGen       total 386560K, used 386497K [0x00000000c0000000, 0x00000000d7980000, 0x00000000eab00000)
  object space 386560K, 99% used [0x00000000c0000000,0x00000000d7970680,0x00000000d7980000)
 Metaspace       used 5081K, capacity 6416K, committed 6528K, reserved 1056768K
  class space    used 512K, capacity 584K, committed 640K, reserved 1048576K
Event: 319.417 GC heap after
Heap after GC invocations=98 (full 80):
 PSYoungGen      total 187392K, used 81920K [0x00000000eab00000, 0x00000000fd280000, 0x0000000100000000)
  eden space 81920K, 100% used [0x00000000eab00000,0x00000000efb00000,0x00000000efb00000)
  from space 105472K, 0% used [0x00000000f6500000,0x00000000f6500000,0x00000000fcc00000)
  to   space 108544K, 0% used [0x00000000efb00000,0x00000000efb00000,0x00000000f6500000)
 ParOldGen       total 699392K, used 386494K [0x00000000c0000000, 0x00000000eab00000, 0x00000000eab00000)
  object space 699392K, 55% used [0x00000000c0000000,0x00000000d796fa78,0x00000000eab00000)
 Metaspace       used 5081K, capacity 6416K, committed 6528K, reserved 1056768K
  class space    used 512K, capacity 584K, committed 640K, reserved 1048576K
}
Event: 319.418 GC heap before
{Heap before GC invocations=99 (full 80):
 PSYoungGen      total 187392K, used 81920K [0x00000000eab00000, 0x00000000fd280000, 0x0000000100000000)
  eden space 81920K, 100% used [0x00000000eab00000,0x00000000efb00000,0x00000000efb00000)
  from space 105472K, 0% used [0x00000000f6500000,0x00000000f6500000,0x00000000fcc00000)
  to   space 108544K, 0% used [0x00000000efb00000,0x00000000efb00000,0x00000000f6500000)
 ParOldGen       total 699392K, used 386496K [0x00000000c0000000, 0x00000000eab00000, 0x00000000eab00000)
  object space 699392K, 55% used [0x00000000c0000000,0x00000000d79703b0,0x00000000eab00000)
 Metaspace       used 5081K, capacity 6416K, committed 6528K, reserved 1056768K
  class space    used 512K, capacity 584K, committed 640K, reserved 1048576K
Event: 320.166 GC heap after
Heap after GC invocations=99 (full 80):
 PSYoungGen      total 190464K, used 43990K [0x00000000eab00000, 0x00000000fcf00000, 0x0000000100000000)
  eden space 81920K, 0% used [0x00000000eab00000,0x00000000eab00000,0x00000000efb00000)
  from space 108544K, 40% used [0x00000000efb00000,0x00000000f25f5bd0,0x00000000f6500000)
  to   space 104448K, 0% used [0x00000000f6900000,0x00000000f6900000,0x00000000fcf00000)
 ParOldGen       total 699392K, used 425011K [0x00000000c0000000, 0x00000000eab00000, 0x00000000eab00000)
  object space 699392K, 60% used [0x00000000c0000000,0x00000000d9f0ce48,0x00000000eab00000)
 Metaspace       used 5081K, capacity 6416K, committed 6528K, reserved 1056768K
  class space    used 512K, capacity 584K, committed 640K, reserved 1048576K
}

