# JRE version: Java(TM) SE Runtime Environment (8.0_25-b18) (build 1.8.0_25-b18)
# Java VM: Java HotSpot(TM) 64-Bit Server VM (25.25-b02 mixed mode windows-amd64 compressed oops)
Heap:
 PSYoungGen      total 151040K, used 62708K [0x00000000eab00000, 0x00000000fb380000, 0x0000000100000000)
  eden space 34816K, 87% used [0x00000000eab00000,0x00000000ec8e9320,0x00000000ecd00000)
  from space 116224K, 27% used [0x00000000ecd00000,0x00000000eec53e40,0x00000000f3e80000)
  to   space 111616K, 0% used [0x00000000f4680000,0x00000000f4680000,0x00000000fb380000)
 ParOldGen       total 388096K, used 247212K [0x00000000c0000000, 0x00000000d7b00000, 0x00000000eab00000)
  object space 388096K, 63% used [0x00000000c0000000,0x00000000cf16b380,0x00000000d7b00000)
 Metaspace       used 5075K, capacity 6416K, committed 6528K, reserved 1056768K
  class space    used 512K, capacity 584K, committed 640K, reserved 1048576K
GC Heap History (10 events):
Event: 54.854 GC heap before
{Heap before GC invocations=15 (full 3):
 PSYoungGen      total 121344K, used 96795K [0x00000000eab00000, 0x00000000f8680000, 0x0000000100000000)
  eden space 32768K, 100% used [0x00000000eab00000,0x00000000ecb00000,0x00000000ecb00000)
  from space 88576K, 72% used [0x00000000ecb00000,0x00000000f0986fd8,0x00000000f2180000)
  to   space 93696K, 0% used [0x00000000f2b00000,0x00000000f2b00000,0x00000000f8680000)
 ParOldGen       total 247296K, used 154931K [0x00000000c0000000, 0x00000000cf180000, 0x00000000eab00000)
  object space 247296K, 62% used [0x00000000c0000000,0x00000000c974cfa0,0x00000000cf180000)
 Metaspace       used 5072K, capacity 6416K, committed 6528K, reserved 1056768K
  class space    used 512K, capacity 584K, committed 640K, reserved 1048576K
Event: 55.241 GC heap after
Heap after GC invocations=15 (full 3):
 PSYoungGen      total 120832K, used 81122K [0x00000000eab00000, 0x00000000f9c80000, 0x0000000100000000)
  eden space 27136K, 0% used [0x00000000eab00000,0x00000000eab00000,0x00000000ec580000)
  from space 93696K, 86% used [0x00000000f2b00000,0x00000000f7a38938,0x00000000f8680000)
  to   space 103936K, 0% used [0x00000000ec580000,0x00000000ec580000,0x00000000f2b00000)
 ParOldGen       total 247296K, used 154939K [0x00000000c0000000, 0x00000000cf180000, 0x00000000eab00000)
  object space 247296K, 62% used [0x00000000c0000000,0x00000000c974efa0,0x00000000cf180000)
 Metaspace       used 5072K, capacity 6416K, committed 6528K, reserved 1056768K
  class space    used 512K, capacity 584K, committed 640K, reserved 1048576K
}
Event: 55.841 GC heap before
{Heap before GC invocations=16 (full 3):
 PSYoungGen      total 120832K, used 108258K [0x00000000eab00000, 0x00000000f9c80000, 0x0000000100000000)
  eden space 27136K, 100% used [0x00000000eab00000,0x00000000ec580000,0x00000000ec580000)
  from space 93696K, 86% used [0x00000000f2b00000,0x00000000f7a38938,0x00000000f8680000)
  to   space 103936K, 0% used [0x00000000ec580000,0x00000000ec580000,0x00000000f2b00000)
 ParOldGen       total 247296K, used 154939K [0x00000000c0000000, 0x00000000cf180000, 0x00000000eab00000)
  object space 247296K, 62% used [0x00000000c0000000,0x00000000c974efa0,0x00000000cf180000)
 Metaspace       used 5072K, capacity 6416K, committed 6528K, reserved 1056768K
  class space    used 512K, capacity 584K, committed 640K, reserved 1048576K
Event: 56.372 GC heap after
Heap after GC invocations=16 (full 3):
 PSYoungGen      total 131072K, used 94729K [0x00000000eab00000, 0x00000000fb000000, 0x0000000100000000)
  eden space 27136K, 0% used [0x00000000eab00000,0x00000000eab00000,0x00000000ec580000)
  from space 103936K, 91% used [0x00000000ec580000,0x00000000f2202420,0x00000000f2b00000)
  to   space 116224K, 0% used [0x00000000f3e80000,0x00000000f3e80000,0x00000000fb000000)
 ParOldGen       total 247296K, used 154939K [0x00000000c0000000, 0x00000000cf180000, 0x00000000eab00000)
  object space 247296K, 62% used [0x00000000c0000000,0x00000000c974efa0,0x00000000cf180000)
 Metaspace       used 5072K, capacity 6416K, committed 6528K, reserved 1056768K
  class space    used 512K, capacity 584K, committed 640K, reserved 1048576K
}
Event: 56.900 GC heap before
{Heap before GC invocations=17 (full 3):
 PSYoungGen      total 131072K, used 121865K [0x00000000eab00000, 0x00000000fb000000, 0x0000000100000000)
  eden space 27136K, 100% used [0x00000000eab00000,0x00000000ec580000,0x00000000ec580000)
  from space 103936K, 91% used [0x00000000ec580000,0x00000000f2202420,0x00000000f2b00000)
  to   space 116224K, 0% used [0x00000000f3e80000,0x00000000f3e80000,0x00000000fb000000)
 ParOldGen       total 247296K, used 154939K [0x00000000c0000000, 0x00000000cf180000, 0x00000000eab00000)
  object space 247296K, 62% used [0x00000000c0000000,0x00000000c974efa0,0x00000000cf180000)
 Metaspace       used 5072K, capacity 6416K, committed 6528K, reserved 1056768K
  class space    used 512K, capacity 584K, committed 640K, reserved 1048576K
Event: 57.530 GC heap after
Heap after GC invocations=17 (full 3):
 PSYoungGen      total 151040K, used 68418K [0x00000000eab00000, 0x00000000fb180000, 0x0000000100000000)
  eden space 34816K, 0% used [0x00000000eab00000,0x00000000eab00000,0x00000000ecd00000)
  from space 116224K, 58% used [0x00000000f3e80000,0x00000000f8150ae8,0x00000000fb000000)
  to   space 116224K, 0% used [0x00000000ecd00000,0x00000000ecd00000,0x00000000f3e80000)
 ParOldGen       total 247296K, used 195452K [0x00000000c0000000, 0x00000000cf180000, 0x00000000eab00000)
  object space 247296K, 79% used [0x00000000c0000000,0x00000000cbedf158,0x00000000cf180000)
 Metaspace       used 5072K, capacity 6416K, committed 6528K, reserved 1056768K
  class space    used 512K, capacity 584K, committed 640K, reserved 1048576K
}
Event: 58.317 GC heap before
{Heap before GC invocations=18 (full 3):
 PSYoungGen      total 151040K, used 103234K [0x00000000eab00000, 0x00000000fb180000, 0x0000000100000000)
  eden space 34816K, 100% used [0x00000000eab00000,0x00000000ecd00000,0x00000000ecd00000)
  from space 116224K, 58% used [0x00000000f3e80000,0x00000000f8150ae8,0x00000000fb000000)
  to   space 116224K, 0% used [0x00000000ecd00000,0x00000000ecd00000,0x00000000f3e80000)
 ParOldGen       total 247296K, used 195452K [0x00000000c0000000, 0x00000000cf180000, 0x00000000eab00000)
  object space 247296K, 79% used [0x00000000c0000000,0x00000000cbedf158,0x00000000cf180000)
 Metaspace       used 5075K, capacity 6416K, committed 6528K, reserved 1056768K
  class space    used 512K, capacity 584K, committed 640K, reserved 1048576K
Event: 59.103 GC heap after
Heap after GC invocations=18 (full 3):
 PSYoungGen      total 151040K, used 46097K [0x00000000eab00000, 0x00000000fb380000, 0x0000000100000000)
  eden space 34816K, 0% used [0x00000000eab00000,0x00000000eab00000,0x00000000ecd00000)
  from space 116224K, 39% used [0x00000000ecd00000,0x00000000efa044f0,0x00000000f3e80000)
  to   space 111616K, 0% used [0x00000000f4680000,0x00000000f4680000,0x00000000fb380000)
 ParOldGen       total 247296K, used 235746K [0x00000000c0000000, 0x00000000cf180000, 0x00000000eab00000)
  object space 247296K, 95% used [0x00000000c0000000,0x00000000ce638aa8,0x00000000cf180000)
 Metaspace       used 5075K, capacity 6416K, committed 6528K, reserved 1056768K
  class space    used 512K, capacity 584K, committed 640K, reserved 1048576K
}
Event: 59.103 GC heap before
{Heap before GC invocations=19 (full 4):
 PSYoungGen      total 151040K, used 46097K [0x00000000eab00000, 0x00000000fb380000, 0x0000000100000000)
  eden space 34816K, 0% used [0x00000000eab00000,0x00000000eab00000,0x00000000ecd00000)
  from space 116224K, 39% used [0x00000000ecd00000,0x00000000efa044f0,0x00000000f3e80000)
  to   space 111616K, 0% used [0x00000000f4680000,0x00000000f4680000,0x00000000fb380000)
 ParOldGen       total 247296K, used 235746K [0x00000000c0000000, 0x00000000cf180000, 0x00000000eab00000)
  object space 247296K, 95% used [0x00000000c0000000,0x00000000ce638aa8,0x00000000cf180000)
 Metaspace       used 5075K, capacity 6416K, committed 6528K, reserved 1056768K
  class space    used 512K, capacity 584K, committed 640K, reserved 1048576K
Event: 64.391 GC heap after
Heap after GC invocations=19 (full 4):
 PSYoungGen      total 151040K, used 32079K [0x00000000eab00000, 0x00000000fb380000, 0x0000000100000000)
  eden space 34816K, 0% used [0x00000000eab00000,0x00000000eab00000,0x00000000ecd00000)
  from space 116224K, 27% used [0x00000000ecd00000,0x00000000eec53e40,0x00000000f3e80000)
  to   space 111616K, 0% used [0x00000000f4680000,0x00000000f4680000,0x00000000fb380000)
 ParOldGen       total 388096K, used 247212K [0x00000000c0000000, 0x00000000d7b00000, 0x00000000eab00000)
  object space 388096K, 63% used [0x00000000c0000000,0x00000000cf16b380,0x00000000d7b00000)
 Metaspace       used 5075K, capacity 6416K, committed 6528K, reserved 1056768K
  class space    used 512K, capacity 584K, committed 640K, reserved 1048576K
}

