# JRE version: Java(TM) SE Runtime Environment (8.0_25-b18) (build 1.8.0_25-b18)
# Java VM: Java HotSpot(TM) 64-Bit Server VM (25.25-b02 mixed mode windows-amd64 compressed oops)
Heap:
 PSYoungGen      total 198144K, used 110136K [0x00000000eab00000, 0x00000000fdf80000, 0x0000000100000000)
  eden space 91648K, 3% used [0x00000000eab00000,0x00000000eae94180,0x00000000f0480000)
  from space 106496K, 99% used [0x00000000f0480000,0x00000000f6c79ef0,0x00000000f6c80000)
  to   space 100352K, 0% used [0x00000000f7d80000,0x00000000f7d80000,0x00000000fdf80000)
 ParOldGen       total 529408K, used 403706K [0x00000000c0000000, 0x00000000e0500000, 0x00000000eab00000)
  object space 529408K, 76% used [0x00000000c0000000,0x00000000d8a3ea80,0x00000000e0500000)
 Metaspace       used 5217K, capacity 6480K, committed 6784K, reserved 1056768K
  class space    used 521K, capacity 584K, committed 640K, reserved 1048576K
GC Heap History (10 events):
Event: 90.787 GC heap before
{Heap before GC invocations=18 (full 4):
 PSYoungGen      total 182784K, used 103441K [0x00000000eab00000, 0x00000000fd880000, 0x0000000100000000)
  eden space 67584K, 100% used [0x00000000eab00000,0x00000000eed00000,0x00000000eed00000)
  from space 115200K, 31% used [0x00000000eed00000,0x00000000f1004560,0x00000000f5d80000)
  to   space 110592K, 0% used [0x00000000f6c80000,0x00000000f6c80000,0x00000000fd880000)
 ParOldGen       total 385024K, used 308590K [0x00000000c0000000, 0x00000000d7800000, 0x00000000eab00000)
  object space 385024K, 80% used [0x00000000c0000000,0x00000000d2d5b908,0x00000000d7800000)
 Metaspace       used 5080K, capacity 6416K, committed 6528K, reserved 1056768K
  class space    used 512K, capacity 584K, committed 640K, reserved 1048576K
Event: 92.705 GC heap after
Heap after GC invocations=18 (full 4):
 PSYoungGen      total 198656K, used 35136K [0x00000000eab00000, 0x00000000fd500000, 0x0000000100000000)
  eden space 91648K, 0% used [0x00000000eab00000,0x00000000eab00000,0x00000000f0480000)
  from space 107008K, 32% used [0x00000000f6c80000,0x00000000f8ed0010,0x00000000fd500000)
  to   space 106496K, 0% used [0x00000000f0480000,0x00000000f0480000,0x00000000f6c80000)
 ParOldGen       total 385024K, used 343387K [0x00000000c0000000, 0x00000000d7800000, 0x00000000eab00000)
  object space 385024K, 89% used [0x00000000c0000000,0x00000000d4f56fc0,0x00000000d7800000)
 Metaspace       used 5080K, capacity 6416K, committed 6528K, reserved 1056768K
  class space    used 512K, capacity 584K, committed 640K, reserved 1048576K
}
Event: 92.705 GC heap before
{Heap before GC invocations=19 (full 5):
 PSYoungGen      total 198656K, used 35136K [0x00000000eab00000, 0x00000000fd500000, 0x0000000100000000)
  eden space 91648K, 0% used [0x00000000eab00000,0x00000000eab00000,0x00000000f0480000)
  from space 107008K, 32% used [0x00000000f6c80000,0x00000000f8ed0010,0x00000000fd500000)
  to   space 106496K, 0% used [0x00000000f0480000,0x00000000f0480000,0x00000000f6c80000)
 ParOldGen       total 385024K, used 343387K [0x00000000c0000000, 0x00000000d7800000, 0x00000000eab00000)
  object space 385024K, 89% used [0x00000000c0000000,0x00000000d4f56fc0,0x00000000d7800000)
 Metaspace       used 5080K, capacity 6416K, committed 6528K, reserved 1056768K
  class space    used 512K, capacity 584K, committed 640K, reserved 1048576K
Event: 105.234 GC heap after
Heap after GC invocations=19 (full 5):
 PSYoungGen      total 198656K, used 0K [0x00000000eab00000, 0x00000000fd500000, 0x0000000100000000)
  eden space 91648K, 0% used [0x00000000eab00000,0x00000000eab00000,0x00000000f0480000)
  from space 107008K, 0% used [0x00000000f6c80000,0x00000000f6c80000,0x00000000fd500000)
  to   space 106496K, 0% used [0x00000000f0480000,0x00000000f0480000,0x00000000f6c80000)
 ParOldGen       total 529408K, used 377365K [0x00000000c0000000, 0x00000000e0500000, 0x00000000eab00000)
  object space 529408K, 71% used [0x00000000c0000000,0x00000000d7085450,0x00000000e0500000)
 Metaspace       used 5080K, capacity 6416K, committed 6528K, reserved 1056768K
  class space    used 512K, capacity 584K, committed 640K, reserved 1048576K
}
Event: 105.998 GC heap before
{Heap before GC invocations=20 (full 5):
 PSYoungGen      total 198656K, used 91648K [0x00000000eab00000, 0x00000000fd500000, 0x0000000100000000)
  eden space 91648K, 100% used [0x00000000eab00000,0x00000000f0480000,0x00000000f0480000)
  from space 107008K, 0% used [0x00000000f6c80000,0x00000000f6c80000,0x00000000fd500000)
  to   space 106496K, 0% used [0x00000000f0480000,0x00000000f0480000,0x00000000f6c80000)
 ParOldGen       total 529408K, used 377365K [0x00000000c0000000, 0x00000000e0500000, 0x00000000eab00000)
  object space 529408K, 71% used [0x00000000c0000000,0x00000000d7085450,0x00000000e0500000)
 Metaspace       used 5080K, capacity 6416K, committed 6528K, reserved 1056768K
  class space    used 512K, capacity 584K, committed 640K, reserved 1048576K
Event: 106.181 GC heap after
Heap after GC invocations=20 (full 5):
 PSYoungGen      total 198144K, used 46622K [0x00000000eab00000, 0x00000000fdf80000, 0x0000000100000000)
  eden space 91648K, 0% used [0x00000000eab00000,0x00000000eab00000,0x00000000f0480000)
  from space 106496K, 43% used [0x00000000f0480000,0x00000000f3207bd0,0x00000000f6c80000)
  to   space 100352K, 0% used [0x00000000f7d80000,0x00000000f7d80000,0x00000000fdf80000)
 ParOldGen       total 529408K, used 377365K [0x00000000c0000000, 0x00000000e0500000, 0x00000000eab00000)
  object space 529408K, 71% used [0x00000000c0000000,0x00000000d7085450,0x00000000e0500000)
 Metaspace       used 5080K, capacity 6416K, committed 6528K, reserved 1056768K
  class space    used 512K, capacity 584K, committed 640K, reserved 1048576K
}
Event: 108.337 GC heap before
{Heap before GC invocations=21 (full 5):
 PSYoungGen      total 198144K, used 138270K [0x00000000eab00000, 0x00000000fdf80000, 0x0000000100000000)
  eden space 91648K, 100% used [0x00000000eab00000,0x00000000f0480000,0x00000000f0480000)
  from space 106496K, 43% used [0x00000000f0480000,0x00000000f3207bd0,0x00000000f6c80000)
  to   space 100352K, 0% used [0x00000000f7d80000,0x00000000f7d80000,0x00000000fdf80000)
 ParOldGen       total 529408K, used 377365K [0x00000000c0000000, 0x00000000e0500000, 0x00000000eab00000)
  object space 529408K, 71% used [0x00000000c0000000,0x00000000d7085450,0x00000000e0500000)
 Metaspace       used 5085K, capacity 6416K, committed 6528K, reserved 1056768K
  class space    used 512K, capacity 584K, committed 640K, reserved 1048576K
Event: 108.802 GC heap after
Heap after GC invocations=21 (full 5):
 PSYoungGen      total 192000K, used 93120K [0x00000000eab00000, 0x00000000fdf80000, 0x0000000100000000)
  eden space 91648K, 0% used [0x00000000eab00000,0x00000000eab00000,0x00000000f0480000)
  from space 100352K, 92% used [0x00000000f7d80000,0x00000000fd870398,0x00000000fdf80000)
  to   space 106496K, 0% used [0x00000000f0480000,0x00000000f0480000,0x00000000f6c80000)
 ParOldGen       total 529408K, used 377365K [0x00000000c0000000, 0x00000000e0500000, 0x00000000eab00000)
  object space 529408K, 71% used [0x00000000c0000000,0x00000000d7085450,0x00000000e0500000)
 Metaspace       used 5085K, capacity 6416K, committed 6528K, reserved 1056768K
  class space    used 512K, capacity 584K, committed 640K, reserved 1048576K
}
Event: 111.527 GC heap before
{Heap before GC invocations=22 (full 5):
 PSYoungGen      total 192000K, used 184768K [0x00000000eab00000, 0x00000000fdf80000, 0x0000000100000000)
  eden space 91648K, 100% used [0x00000000eab00000,0x00000000f0480000,0x00000000f0480000)
  from space 100352K, 92% used [0x00000000f7d80000,0x00000000fd870398,0x00000000fdf80000)
  to   space 106496K, 0% used [0x00000000f0480000,0x00000000f0480000,0x00000000f6c80000)
 ParOldGen       total 529408K, used 377365K [0x00000000c0000000, 0x00000000e0500000, 0x00000000eab00000)
  object space 529408K, 71% used [0x00000000c0000000,0x00000000d7085450,0x00000000e0500000)
 Metaspace       used 5216K, capacity 6480K, committed 6784K, reserved 1056768K
  class space    used 521K, capacity 584K, committed 640K, reserved 1048576K
Event: 112.130 GC heap after
Heap after GC invocations=22 (full 5):
 PSYoungGen      total 198144K, used 106471K [0x00000000eab00000, 0x00000000fdf80000, 0x0000000100000000)
  eden space 91648K, 0% used [0x00000000eab00000,0x00000000eab00000,0x00000000f0480000)
  from space 106496K, 99% used [0x00000000f0480000,0x00000000f6c79ef0,0x00000000f6c80000)
  to   space 100352K, 0% used [0x00000000f7d80000,0x00000000f7d80000,0x00000000fdf80000)
 ParOldGen       total 529408K, used 403706K [0x00000000c0000000, 0x00000000e0500000, 0x00000000eab00000)
  object space 529408K, 76% used [0x00000000c0000000,0x00000000d8a3ea80,0x00000000e0500000)
 Metaspace       used 5216K, capacity 6480K, committed 6784K, reserved 1056768K
  class space    used 521K, capacity 584K, committed 640K, reserved 1048576K
}

